<?xml version="1.0" encoding="UTF-8" ?>
<testsuite tests="1" failures="0" name="com.whoiszxl.house.web.AuthTest" time="0.695" errors="0" skipped="0">
  <properties>
    <property name="java.runtime.name" value="Java(TM) SE Runtime Environment"/>
    <property name="sun.boot.library.path" value="C:\Program Files (x86)\Java\jdk1.8.0_91\jre\bin"/>
    <property name="java.vm.version" value="25.91-b15"/>
    <property name="java.vm.vendor" value="Oracle Corporation"/>
    <property name="maven.multiModuleProjectDirectory" value="D:/2.develop/MineFujiko/code/house1.0"/>
    <property name="java.vendor.url" value="http://java.oracle.com/"/>
    <property name="path.separator" value=";"/>
    <property name="guice.disable.misplaced.annotation.check" value="true"/>
    <property name="java.vm.name" value="Java HotSpot(TM) Client VM"/>
    <property name="file.encoding.pkg" value="sun.io"/>
    <property name="user.script" value=""/>
    <property name="user.country" value="CN"/>
    <property name="sun.java.launcher" value="SUN_STANDARD"/>
    <property name="sun.os.patch.level" value="Service Pack 1"/>
    <property name="java.vm.specification.name" value="Java Virtual Machine Specification"/>
    <property name="user.dir" value="D:\2.develop\MineFujiko\code\house1.0"/>
    <property name="java.runtime.version" value="1.8.0_91-b15"/>
    <property name="java.awt.graphicsenv" value="sun.awt.Win32GraphicsEnvironment"/>
    <property name="java.endorsed.dirs" value="C:\Program Files (x86)\Java\jdk1.8.0_91\jre\lib\endorsed"/>
    <property name="os.arch" value="x86"/>
    <property name="java.io.tmpdir" value="C:\Users\whoiszxl\AppData\Local\Temp\"/>
    <property name="line.separator" value="
"/>
    <property name="java.vm.specification.vendor" value="Oracle Corporation"/>
    <property name="user.variant" value=""/>
    <property name="os.name" value="Windows 7"/>
    <property name="classworlds.conf" value="D:/zxl_dev/apache-maven-3.5.0/bin/m2.conf"/>
    <property name="sun.jnu.encoding" value="GBK"/>
    <property name="java.library.path" value="C:\Program Files (x86)\Java\jdk1.8.0_91\bin;C:\Windows\Sun\Java\bin;C:\Windows\system32;C:\Windows;C:\Users\whoiszxl\bin;D:\zxl_dev\software\Git\mingw32\bin;D:\zxl_dev\software\Git\usr\local\bin;D:\zxl_dev\software\Git\usr\bin;D:\zxl_dev\software\Git\usr\bin;D:\zxl_dev\software\Git\mingw32\bin;D:\zxl_dev\software\Git\usr\bin;C:\Users\whoiszxl\bin;D:\zxl_dev\python_developer\python3.6.2\Scripts;D:\zxl_dev\python_developer\python3.6.2;C:\Program Files\Python36\Scripts;C:\Program Files\Python36;C:\Program Files (x86)\Java\jdk1.8.0_91\bin;C:\ProgramData\Oracle\Java\javapath;C:\Program Files (x86)\Common Files\NetSarang;C:\Windows\system32;C:\Windows;C:\Windows\System32\Wbem;C:\Windows\System32\WindowsPowerShell\v1.0;C:\Program Files\Git\cmd;C:\HashiCorp\Vagrant\bin;D:\zxl_dev\software\Git\cmd;C:\strawberry\c\bin;C:\strawberry\perl\bin;D:\zxl_dev\software\scala\bin;D:\zxl_dev\python_developer\virtual_home;F:\developer\java_software\gradle-4.5\bin;D:\zxl_dev\software\node;D:\zxl_dev\software\Anaconda2;D:\zxl_dev\software\Anaconda2\Scripts;D:\zxl_dev\software\Anaconda2\Library\bin;D:\Program Files (x86)\Microsoft VS Code\bin;C:\Users\whoiszxl\AppData\Local\Programs\Fiddler;D:\zxl_dev\phpstudy\php\php-7.0.12-nts;D:\zxl_dev\software\scala\bin;D:\zxl_dev\apache-maven-3.5.0\bin;D:\zxl_dev\software\jieya;F:\developer\java_software\hadoop-2.6.0-cdh5.7.0\bin;F:\developer\java_software\spark-2.2.0-bin-2.6.0-cdh5.7.0\bin;F:\developer\android_developer\sdk\platform-tools;C:\Users\whoiszxl\AppData\Roaming\npm;D:\zxl_dev\software\Git\usr\bin\vendor_perl;D:\zxl_dev\software\Git\usr\bin\core_perl;."/>
    <property name="maven.conf" value="D:/zxl_dev/apache-maven-3.5.0/conf"/>
    <property name="java.specification.name" value="Java Platform API Specification"/>
    <property name="java.class.version" value="52.0"/>
    <property name="sun.management.compiler" value="HotSpot Client Compiler"/>
    <property name="os.version" value="6.1"/>
    <property name="library.jansi.path" value="D:\zxl_dev\apache-maven-3.5.0\lib\jansi-native\windows32"/>
    <property name="user.home" value="C:\Users\whoiszxl"/>
    <property name="user.timezone" value="Asia/Shanghai"/>
    <property name="java.awt.printerjob" value="sun.awt.windows.WPrinterJob"/>
    <property name="java.specification.version" value="1.8"/>
    <property name="file.encoding" value="GBK"/>
    <property name="user.name" value="whoiszxl"/>
    <property name="java.class.path" value="D:/zxl_dev/apache-maven-3.5.0/boot/plexus-classworlds-2.5.2.jar"/>
    <property name="java.vm.specification.version" value="1.8"/>
    <property name="sun.arch.data.model" value="32"/>
    <property name="java.home" value="C:\Program Files (x86)\Java\jdk1.8.0_91\jre"/>
    <property name="sun.java.command" value="org.codehaus.plexus.classworlds.launcher.Launcher clean package -DskipTest"/>
    <property name="java.specification.vendor" value="Oracle Corporation"/>
    <property name="user.language" value="zh"/>
    <property name="awt.toolkit" value="sun.awt.windows.WToolkit"/>
    <property name="java.vm.info" value="mixed mode"/>
    <property name="java.version" value="1.8.0_91"/>
    <property name="java.ext.dirs" value="C:\Program Files (x86)\Java\jdk1.8.0_91\jre\lib\ext;C:\Windows\Sun\Java\lib\ext"/>
    <property name="sun.boot.class.path" value="C:\Program Files (x86)\Java\jdk1.8.0_91\jre\lib\resources.jar;C:\Program Files (x86)\Java\jdk1.8.0_91\jre\lib\rt.jar;C:\Program Files (x86)\Java\jdk1.8.0_91\jre\lib\sunrsasign.jar;C:\Program Files (x86)\Java\jdk1.8.0_91\jre\lib\jsse.jar;C:\Program Files (x86)\Java\jdk1.8.0_91\jre\lib\jce.jar;C:\Program Files (x86)\Java\jdk1.8.0_91\jre\lib\charsets.jar;C:\Program Files (x86)\Java\jdk1.8.0_91\jre\lib\jfr.jar;C:\Program Files (x86)\Java\jdk1.8.0_91\jre\classes"/>
    <property name="java.vendor" value="Oracle Corporation"/>
    <property name="skipTest" value="true"/>
    <property name="maven.home" value="D:\zxl_dev\apache-maven-3.5.0"/>
    <property name="file.separator" value="\"/>
    <property name="java.vendor.url.bug" value="http://bugreport.sun.com/bugreport/"/>
    <property name="sun.cpu.endian" value="little"/>
    <property name="sun.io.unicode.encoding" value="UnicodeLittle"/>
    <property name="sun.desktop" value="windows"/>
    <property name="sun.cpu.isalist" value="pentium_pro+mmx pentium_pro pentium+mmx pentium i486 i386 i86"/>
  </properties>
  <testcase classname="com.whoiszxl.house.web.AuthTest" name="testAuth" time="0.695"/>
</testsuite>